c:\client_nowon_1800_2000\client_api\winapishootor_step_9\winapishootor\x64\debug\vc143.pdb
c:\client_nowon_1800_2000\client_api\winapishootor_step_9\winapishootor\x64\debug\vc143.idb
c:\client_nowon_1800_2000\client_api\winapishootor_step_9\winapishootor\x64\debug\main.obj
c:\client_nowon_1800_2000\client_api\winapishootor_step_9\winapishootor\x64\debug\cenemy.obj
c:\client_nowon_1800_2000\client_api\winapishootor_step_9\winapishootor\x64\debug\cbullet.obj
c:\client_nowon_1800_2000\client_api\winapishootor_step_9\winapishootor\x64\debug\cactor.obj
c:\client_nowon_1800_2000\client_api\winapishootor_step_9\winapishootor\x64\debug\winapishootor.ilk
c:\client_nowon_1800_2000\client_api\winapishootor_step_9\bin\winapishootor.exe
c:\client_nowon_1800_2000\client_api\winapishootor_step_9\bin\winapishootor.pdb
c:\client_nowon_1800_2000\client_api\winapishootor_step_10\winapishootor\x64\debug\cactor.obj
c:\client_nowon_1800_2000\client_api\winapishootor_step_10\winapishootor\x64\debug\cbullet.obj
c:\client_nowon_1800_2000\client_api\winapishootor_step_10\winapishootor\x64\debug\cenemy.obj
c:\client_nowon_1800_2000\client_api\winapishootor_step_10\winapishootor\x64\debug\main.obj
c:\client_nowon_1800_2000\client_api\winapishootor_step_10\winapishootor\x64\debug\winapishootor.ilk
c:\client_nowon_1800_2000\client_api\winapishootor_step_10\winapishootor\x64\debug\vc143.idb
c:\client_nowon_1800_2000\client_api\winapishootor_step_10\winapishootor\x64\debug\vc143.pdb
c:\client_nowon_1800_2000\client_api\winapishootor_step_10\bin\winapishootor.exe
c:\client_nowon_1800_2000\client_api\winapishootor_step_10\winapishootor\x64\debug\winapishootor.tlog\cl.command.1.tlog
c:\client_nowon_1800_2000\client_api\winapishootor_step_10\winapishootor\x64\debug\winapishootor.tlog\cl.read.1.tlog
c:\client_nowon_1800_2000\client_api\winapishootor_step_10\winapishootor\x64\debug\winapishootor.tlog\cl.write.1.tlog
c:\client_nowon_1800_2000\client_api\winapishootor_step_10\winapishootor\x64\debug\winapishootor.tlog\link.command.1.tlog
c:\client_nowon_1800_2000\client_api\winapishootor_step_10\winapishootor\x64\debug\winapishootor.tlog\link.read.1.tlog
c:\client_nowon_1800_2000\client_api\winapishootor_step_10\winapishootor\x64\debug\winapishootor.tlog\link.write.1.tlog
