  CAPIEngine.cpp
C:\Users\User\Documents\GitHub\Client_Nowon_1800_2000\Client_API\winAPIShootor_step_8\winAPIEngine\SVector2D.h(152,14): warning C4244: 'return': 'double'에서 'float'(으)로 변환하면서 데이터가 손실될 수 있습니다.
C:\Users\User\Documents\GitHub\Client_Nowon_1800_2000\Client_API\winAPIShootor_step_8\winAPIEngine\CAPIEngine.cpp(288,81): warning C4244: '인수': 'float'에서 'int'(으)로 변환하면서 데이터가 손실될 수 있습니다.
C:\Users\User\Documents\GitHub\Client_Nowon_1800_2000\Client_API\winAPIShootor_step_8\winAPIEngine\CAPIEngine.cpp(288,67): warning C4244: '인수': 'float'에서 'int'(으)로 변환하면서 데이터가 손실될 수 있습니다.
C:\Users\User\Documents\GitHub\Client_Nowon_1800_2000\Client_API\winAPIShootor_step_8\winAPIEngine\CAPIEngine.cpp(288,53): warning C4244: '인수': 'float'에서 'int'(으)로 변환하면서 데이터가 손실될 수 있습니다.
C:\Users\User\Documents\GitHub\Client_Nowon_1800_2000\Client_API\winAPIShootor_step_8\winAPIEngine\CAPIEngine.cpp(288,39): warning C4244: '인수': 'float'에서 'int'(으)로 변환하면서 데이터가 손실될 수 있습니다.
C:\Users\User\Documents\GitHub\Client_Nowon_1800_2000\Client_API\winAPIShootor_step_8\winAPIEngine\CAPIEngine.cpp(293,13): warning C4244: '인수': 'float'에서 'int'(으)로 변환하면서 데이터가 손실될 수 있습니다.
C:\Users\User\Documents\GitHub\Client_Nowon_1800_2000\Client_API\winAPIShootor_step_8\winAPIEngine\CAPIEngine.cpp(293,9): warning C4244: '인수': 'float'에서 'int'(으)로 변환하면서 데이터가 손실될 수 있습니다.
  CCollider.cpp
C:\Users\User\Documents\GitHub\Client_Nowon_1800_2000\Client_API\winAPIShootor_step_8\winAPIEngine\SVector2D.h(152,14): warning C4244: 'return': 'double'에서 'float'(으)로 변환하면서 데이터가 손실될 수 있습니다.
C:\Users\User\Documents\GitHub\Client_Nowon_1800_2000\Client_API\winAPIShootor_step_8\winAPIEngine\CCollider.cpp(52,42): warning C4244: '=': 'double'에서 'float'(으)로 변환하면서 데이터가 손실될 수 있습니다.
  CCollisionMgr.cpp
C:\Users\User\Documents\GitHub\Client_Nowon_1800_2000\Client_API\winAPIShootor_step_8\winAPIEngine\SVector2D.h(152,14): warning C4244: 'return': 'double'에서 'float'(으)로 변환하면서 데이터가 손실될 수 있습니다.
  CInputMgr.cpp
  CObjectRyu.cpp
C:\Users\User\Documents\GitHub\Client_Nowon_1800_2000\Client_API\winAPIShootor_step_8\winAPIEngine\SVector2D.h(152,14): warning C4244: 'return': 'double'에서 'float'(으)로 변환하면서 데이터가 손실될 수 있습니다.
  CRef.cpp
  CTexture.cpp
  CUnit.cpp
C:\Users\User\Documents\GitHub\Client_Nowon_1800_2000\Client_API\winAPIShootor_step_8\winAPIEngine\SVector2D.h(152,14): warning C4244: 'return': 'double'에서 'float'(으)로 변환하면서 데이터가 손실될 수 있습니다.
C:\Users\User\Documents\GitHub\Client_Nowon_1800_2000\Client_API\winAPIShootor_step_8\winAPIEngine\CUnit.cpp(79,33): warning C4244: '=': 'LONG'에서 'float'(으)로 변환하면서 데이터가 손실될 수 있습니다.
C:\Users\User\Documents\GitHub\Client_Nowon_1800_2000\Client_API\winAPIShootor_step_8\winAPIEngine\CUnit.cpp(80,34): warning C4244: '=': 'LONG'에서 'float'(으)로 변환하면서 데이터가 손실될 수 있습니다.
  SVector2D.cpp
C:\Users\User\Documents\GitHub\Client_Nowon_1800_2000\Client_API\winAPIShootor_step_8\winAPIEngine\SVector2D.h(152,14): warning C4244: 'return': 'double'에서 'float'(으)로 변환하면서 데이터가 손실될 수 있습니다.
  코드를 생성하고 있습니다...
  winAPIEngine.vcxproj -> C:\Users\User\Documents\GitHub\Client_Nowon_1800_2000\Client_API\winAPIShootor_step_8\bin\winAPIEngine.lib
