  CAPIEngine.cpp
C:\Users\User\Documents\GitHub\Client_Nowon_1800_2000\Client_API\winAPIMatchPuzzle\winAPIMatchPuzzle_step_4\winAPIEngine\SVector2D.h(102,20): warning C4244: 'return': 'double'에서 'float'(으)로 변환하면서 데이터가 손실될 수 있습니다.
C:\Users\User\Documents\GitHub\Client_Nowon_1800_2000\Client_API\winAPIMatchPuzzle\winAPIMatchPuzzle_step_4\winAPIEngine\CAPIEngine.cpp(68,85): warning C4244: '인수': 'float'에서 'int'(으)로 변환하면서 데이터가 손실될 수 있습니다.
C:\Users\User\Documents\GitHub\Client_Nowon_1800_2000\Client_API\winAPIMatchPuzzle\winAPIMatchPuzzle_step_4\winAPIEngine\CAPIEngine.cpp(68,71): warning C4244: '인수': 'float'에서 'int'(으)로 변환하면서 데이터가 손실될 수 있습니다.
C:\Users\User\Documents\GitHub\Client_Nowon_1800_2000\Client_API\winAPIMatchPuzzle\winAPIMatchPuzzle_step_4\winAPIEngine\CAPIEngine.cpp(68,57): warning C4244: '인수': 'float'에서 'int'(으)로 변환하면서 데이터가 손실될 수 있습니다.
C:\Users\User\Documents\GitHub\Client_Nowon_1800_2000\Client_API\winAPIMatchPuzzle\winAPIMatchPuzzle_step_4\winAPIEngine\CAPIEngine.cpp(68,43): warning C4244: '인수': 'float'에서 'int'(으)로 변환하면서 데이터가 손실될 수 있습니다.
C:\Users\User\Documents\GitHub\Client_Nowon_1800_2000\Client_API\winAPIMatchPuzzle\winAPIMatchPuzzle_step_4\winAPIEngine\CAPIEngine.cpp(124,13): warning C4244: '인수': 'float'에서 'int'(으)로 변환하면서 데이터가 손실될 수 있습니다.
C:\Users\User\Documents\GitHub\Client_Nowon_1800_2000\Client_API\winAPIMatchPuzzle\winAPIMatchPuzzle_step_4\winAPIEngine\CAPIEngine.cpp(124,9): warning C4244: '인수': 'float'에서 'int'(으)로 변환하면서 데이터가 손실될 수 있습니다.
C:\Users\User\Documents\GitHub\Client_Nowon_1800_2000\Client_API\winAPIMatchPuzzle\winAPIMatchPuzzle_step_4\winAPIEngine\CAPIEngine.cpp(153,13): warning C4244: '인수': 'float'에서 'int'(으)로 변환하면서 데이터가 손실될 수 있습니다.
C:\Users\User\Documents\GitHub\Client_Nowon_1800_2000\Client_API\winAPIMatchPuzzle\winAPIMatchPuzzle_step_4\winAPIEngine\CAPIEngine.cpp(153,9): warning C4244: '인수': 'float'에서 'int'(으)로 변환하면서 데이터가 손실될 수 있습니다.
  CAnimator.cpp
  CCollisionMgr.cpp
C:\Users\User\Documents\GitHub\Client_Nowon_1800_2000\Client_API\winAPIMatchPuzzle\winAPIMatchPuzzle_step_4\winAPIEngine\SVector2D.h(102,20): warning C4244: 'return': 'double'에서 'float'(으)로 변환하면서 데이터가 손실될 수 있습니다.
  CInputMgr.cpp
  CObjectRyu.cpp
C:\Users\User\Documents\GitHub\Client_Nowon_1800_2000\Client_API\winAPIMatchPuzzle\winAPIMatchPuzzle_step_4\winAPIEngine\SVector2D.h(102,20): warning C4244: 'return': 'double'에서 'float'(으)로 변환하면서 데이터가 손실될 수 있습니다.
  CPathMgr.cpp
  CUnit.cpp
C:\Users\User\Documents\GitHub\Client_Nowon_1800_2000\Client_API\winAPIMatchPuzzle\winAPIMatchPuzzle_step_4\winAPIEngine\SVector2D.h(102,20): warning C4244: 'return': 'double'에서 'float'(으)로 변환하면서 데이터가 손실될 수 있습니다.
C:\Users\User\Documents\GitHub\Client_Nowon_1800_2000\Client_API\winAPIMatchPuzzle\winAPIMatchPuzzle_step_4\winAPIEngine\CUnit.cpp(150,36): warning C4244: '=': 'int'에서 'float'(으)로 변환하면서 데이터가 손실될 수 있습니다.
C:\Users\User\Documents\GitHub\Client_Nowon_1800_2000\Client_API\winAPIMatchPuzzle\winAPIMatchPuzzle_step_4\winAPIEngine\CUnit.cpp(151,37): warning C4244: '=': 'int'에서 'float'(으)로 변환하면서 데이터가 손실될 수 있습니다.
C:\Users\User\Documents\GitHub\Client_Nowon_1800_2000\Client_API\winAPIMatchPuzzle\winAPIMatchPuzzle_step_4\winAPIEngine\CUnit.cpp(161,35): warning C4244: '=': 'LONG'에서 'float'(으)로 변환하면서 데이터가 손실될 수 있습니다.
C:\Users\User\Documents\GitHub\Client_Nowon_1800_2000\Client_API\winAPIMatchPuzzle\winAPIMatchPuzzle_step_4\winAPIEngine\CUnit.cpp(162,36): warning C4244: '=': 'LONG'에서 'float'(으)로 변환하면서 데이터가 손실될 수 있습니다.
C:\Users\User\Documents\GitHub\Client_Nowon_1800_2000\Client_API\winAPIMatchPuzzle\winAPIMatchPuzzle_step_4\winAPIEngine\CUnit.cpp(187,39): warning C4244: '=': 'LONG'에서 'float'(으)로 변환하면서 데이터가 손실될 수 있습니다.
C:\Users\User\Documents\GitHub\Client_Nowon_1800_2000\Client_API\winAPIMatchPuzzle\winAPIMatchPuzzle_step_4\winAPIEngine\CUnit.cpp(188,40): warning C4244: '=': 'LONG'에서 'float'(으)로 변환하면서 데이터가 손실될 수 있습니다.
  코드를 생성하고 있습니다...
  winAPIEngine.vcxproj -> C:\Users\User\Documents\GitHub\Client_Nowon_1800_2000\Client_API\winAPIMatchPuzzle\winAPIMatchPuzzle_step_4\bin\winAPIEngine.lib
