c:\users\user\documents\github\client_nowon_1800_2000\client_api\winapishooter_step_2\winapishooter\x64\debug\vc143.pdb
c:\users\user\documents\github\client_nowon_1800_2000\client_api\winapishooter_step_2\winapishooter\x64\debug\vc143.idb
c:\users\user\documents\github\client_nowon_1800_2000\client_api\winapishooter_step_2\winapishooter\x64\debug\cenemy.obj
c:\users\user\documents\github\client_nowon_1800_2000\client_api\winapishooter_step_2\winapishooter\x64\debug\cbullet.obj
c:\users\user\documents\github\client_nowon_1800_2000\client_api\winapishooter_step_2\winapishooter\x64\debug\cactor.obj
c:\users\user\documents\github\client_nowon_1800_2000\client_api\winapishooter_step_2\winapishooter\x64\debug\main.obj
c:\users\user\documents\github\client_nowon_1800_2000\client_api\winapishooter_step_3\winapishooter\x64\debug\vc143.pdb
c:\users\user\documents\github\client_nowon_1800_2000\client_api\winapishooter_step_3\winapishooter\x64\debug\vc143.idb
c:\users\user\documents\github\client_nowon_1800_2000\client_api\winapishooter_step_3\winapishooter\x64\debug\main.obj
c:\users\user\documents\github\client_nowon_1800_2000\client_api\winapishooter_step_3\winapishooter\x64\debug\cenemy.obj
c:\users\user\documents\github\client_nowon_1800_2000\client_api\winapishooter_step_3\winapishooter\x64\debug\cbullet.obj
c:\users\user\documents\github\client_nowon_1800_2000\client_api\winapishooter_step_3\winapishooter\x64\debug\cactor.obj
c:\users\user\documents\github\client_nowon_1800_2000\client_api\winapishooter_step_4\winapishooter\x64\debug\vc143.pdb
c:\users\user\documents\github\client_nowon_1800_2000\client_api\winapishooter_step_4\winapishooter\x64\debug\vc143.idb
c:\users\user\documents\github\client_nowon_1800_2000\client_api\winapishooter_step_4\winapishooter\x64\debug\main.obj
c:\users\user\documents\github\client_nowon_1800_2000\client_api\winapishooter_step_4\winapishooter\x64\debug\cenemy.obj
c:\users\user\documents\github\client_nowon_1800_2000\client_api\winapishooter_step_4\winapishooter\x64\debug\cbullet.obj
c:\users\user\documents\github\client_nowon_1800_2000\client_api\winapishooter_step_4\winapishooter\x64\debug\cactor.obj
c:\users\user\documents\github\client_nowon_1800_2000\client_api\winapishooter_step_2\bin\winapishooter.exe
c:\users\user\documents\github\client_nowon_1800_2000\client_api\winapishooter_step_2\winapishooter\x64\debug\winapishooter.ilk
c:\users\user\documents\github\client_nowon_1800_2000\client_api\winapishooter_step_2\bin\winapishooter.pdb
c:\users\user\documents\github\client_nowon_1800_2000\client_api\winapishooter_step_3\bin\winapishooter.exe
c:\users\user\documents\github\client_nowon_1800_2000\client_api\winapishooter_step_3\winapishooter\x64\debug\winapishooter.ilk
c:\users\user\documents\github\client_nowon_1800_2000\client_api\winapishooter_step_3\bin\winapishooter.pdb
c:\users\user\documents\github\client_nowon_1800_2000\client_api\winapishooter_step_4\bin\winapishooter.exe
c:\users\user\documents\github\client_nowon_1800_2000\client_api\winapishooter_step_4\winapishooter\x64\debug\winapishooter.ilk
c:\users\user\documents\github\client_nowon_1800_2000\client_api\winapishooter_step_4\bin\winapishooter.pdb
c:\users\user\documents\github\client_nowon_1800_2000\client_api\winapishooter_step_4\winapishooter\x64\debug\winapishooter.tlog\cl.command.1.tlog
c:\users\user\documents\github\client_nowon_1800_2000\client_api\winapishooter_step_4\winapishooter\x64\debug\winapishooter.tlog\cl.read.1.tlog
c:\users\user\documents\github\client_nowon_1800_2000\client_api\winapishooter_step_4\winapishooter\x64\debug\winapishooter.tlog\cl.write.1.tlog
c:\users\user\documents\github\client_nowon_1800_2000\client_api\winapishooter_step_4\winapishooter\x64\debug\winapishooter.tlog\link.command.1.tlog
c:\users\user\documents\github\client_nowon_1800_2000\client_api\winapishooter_step_4\winapishooter\x64\debug\winapishooter.tlog\link.read.1.tlog
c:\users\user\documents\github\client_nowon_1800_2000\client_api\winapishooter_step_4\winapishooter\x64\debug\winapishooter.tlog\link.write.1.tlog
