c:\users\user\documents\github\client_nowon_1800_2000\client_api\winapishooter_step_2\bin\winapiengine.pdb
c:\users\user\documents\github\client_nowon_1800_2000\client_api\winapishooter_step_2\bin\winapiengine.idb
c:\users\user\documents\github\client_nowon_1800_2000\client_api\winapishooter_step_2\sinapiengine\x64\debug\svector2d.obj
c:\users\user\documents\github\client_nowon_1800_2000\client_api\winapishooter_step_2\sinapiengine\x64\debug\cunit.obj
c:\users\user\documents\github\client_nowon_1800_2000\client_api\winapishooter_step_2\sinapiengine\x64\debug\ctexture.obj
c:\users\user\documents\github\client_nowon_1800_2000\client_api\winapishooter_step_2\sinapiengine\x64\debug\cref.obj
c:\users\user\documents\github\client_nowon_1800_2000\client_api\winapishooter_step_2\sinapiengine\x64\debug\cobjectk.obj
c:\users\user\documents\github\client_nowon_1800_2000\client_api\winapishooter_step_2\sinapiengine\x64\debug\cinputmgr.obj
c:\users\user\documents\github\client_nowon_1800_2000\client_api\winapishooter_step_2\sinapiengine\x64\debug\capiengine.obj
c:\users\user\documents\github\client_nowon_1800_2000\client_api\winapishooter_step_3\bin\winapiengine.pdb
c:\users\user\documents\github\client_nowon_1800_2000\client_api\winapishooter_step_3\bin\winapiengine.idb
c:\users\user\documents\github\client_nowon_1800_2000\client_api\winapishooter_step_3\sinapiengine\x64\debug\svector2d.obj
c:\users\user\documents\github\client_nowon_1800_2000\client_api\winapishooter_step_3\sinapiengine\x64\debug\cunit.obj
c:\users\user\documents\github\client_nowon_1800_2000\client_api\winapishooter_step_3\sinapiengine\x64\debug\ctexture.obj
c:\users\user\documents\github\client_nowon_1800_2000\client_api\winapishooter_step_3\sinapiengine\x64\debug\cref.obj
c:\users\user\documents\github\client_nowon_1800_2000\client_api\winapishooter_step_3\sinapiengine\x64\debug\cobjectk.obj
c:\users\user\documents\github\client_nowon_1800_2000\client_api\winapishooter_step_3\sinapiengine\x64\debug\cinputmgr.obj
c:\users\user\documents\github\client_nowon_1800_2000\client_api\winapishooter_step_3\sinapiengine\x64\debug\capiengine.obj
c:\users\user\documents\github\client_nowon_1800_2000\client_api\winapishooter_step_4\bin\winapiengine.pdb
c:\users\user\documents\github\client_nowon_1800_2000\client_api\winapishooter_step_4\bin\winapiengine.idb
c:\users\user\documents\github\client_nowon_1800_2000\client_api\winapishooter_step_4\sinapiengine\x64\debug\svector2d.obj
c:\users\user\documents\github\client_nowon_1800_2000\client_api\winapishooter_step_4\sinapiengine\x64\debug\cunit.obj
c:\users\user\documents\github\client_nowon_1800_2000\client_api\winapishooter_step_4\sinapiengine\x64\debug\ctexture.obj
c:\users\user\documents\github\client_nowon_1800_2000\client_api\winapishooter_step_4\sinapiengine\x64\debug\cref.obj
c:\users\user\documents\github\client_nowon_1800_2000\client_api\winapishooter_step_4\sinapiengine\x64\debug\cobjectk.obj
c:\users\user\documents\github\client_nowon_1800_2000\client_api\winapishooter_step_4\sinapiengine\x64\debug\cinputmgr.obj
c:\users\user\documents\github\client_nowon_1800_2000\client_api\winapishooter_step_4\sinapiengine\x64\debug\capiengine.obj
c:\users\user\documents\github\client_nowon_1800_2000\client_api\winapishooter_step_2\bin\winapiengine.lib
c:\users\user\documents\github\client_nowon_1800_2000\client_api\winapishooter_step_3\bin\winapiengine.lib
c:\users\user\documents\github\client_nowon_1800_2000\client_api\winapishooter_step_4\bin\winapiengine.lib
c:\users\user\documents\github\client_nowon_1800_2000\client_api\winapishooter_step_4\sinapiengine\x64\debug\winapiengine.tlog\cl.command.1.tlog
c:\users\user\documents\github\client_nowon_1800_2000\client_api\winapishooter_step_4\sinapiengine\x64\debug\winapiengine.tlog\cl.read.1.tlog
c:\users\user\documents\github\client_nowon_1800_2000\client_api\winapishooter_step_4\sinapiengine\x64\debug\winapiengine.tlog\cl.write.1.tlog
c:\users\user\documents\github\client_nowon_1800_2000\client_api\winapishooter_step_4\sinapiengine\x64\debug\winapiengine.tlog\lib-link.read.1.tlog
c:\users\user\documents\github\client_nowon_1800_2000\client_api\winapishooter_step_4\sinapiengine\x64\debug\winapiengine.tlog\lib-link.write.1.tlog
c:\users\user\documents\github\client_nowon_1800_2000\client_api\winapishooter_step_4\sinapiengine\x64\debug\winapiengine.tlog\lib.command.1.tlog
