c:\client_nowon_1800_2000\client_api\winapishootor_step_10\bin\winapiengine.pdb
c:\client_nowon_1800_2000\client_api\winapishootor_step_10\bin\winapiengine.idb
c:\client_nowon_1800_2000\client_api\winapishootor_step_10\winapiengine\x64\debug\svector2d.obj
c:\client_nowon_1800_2000\client_api\winapishootor_step_10\winapiengine\x64\debug\cunit.obj
c:\client_nowon_1800_2000\client_api\winapishootor_step_10\winapiengine\x64\debug\ctexture.obj
c:\client_nowon_1800_2000\client_api\winapishootor_step_10\winapiengine\x64\debug\cref.obj
c:\client_nowon_1800_2000\client_api\winapishootor_step_10\winapiengine\x64\debug\cobjectryu.obj
c:\client_nowon_1800_2000\client_api\winapishootor_step_10\winapiengine\x64\debug\cinputmgr.obj
c:\client_nowon_1800_2000\client_api\winapishootor_step_10\winapiengine\x64\debug\ccollisionmgr.obj
c:\client_nowon_1800_2000\client_api\winapishootor_step_10\winapiengine\x64\debug\ccollider.obj
c:\client_nowon_1800_2000\client_api\winapishootor_step_10\winapiengine\x64\debug\capiengine.obj
c:\client_nowon_1800_2000\client_api\winapishootor_step_10\winapiengine\x64\debug\caniseq.obj
c:\client_nowon_1800_2000\client_api\winapishootor_step_10\winapiengine\x64\debug\canimator.obj
c:\client_nowon_1800_2000\client_api\winapishootor_step_10\bin\winapiengine.lib
c:\client_nowon_1800_2000\client_api\winapishootor_step_11\winapiengine\x64\debug\canimator.obj
c:\client_nowon_1800_2000\client_api\winapishootor_step_11\winapiengine\x64\debug\caniseq.obj
c:\client_nowon_1800_2000\client_api\winapishootor_step_11\winapiengine\x64\debug\capiengine.obj
c:\client_nowon_1800_2000\client_api\winapishootor_step_11\winapiengine\x64\debug\ccollider.obj
c:\client_nowon_1800_2000\client_api\winapishootor_step_11\winapiengine\x64\debug\ccollisionmgr.obj
c:\client_nowon_1800_2000\client_api\winapishootor_step_11\winapiengine\x64\debug\cinputmgr.obj
c:\client_nowon_1800_2000\client_api\winapishootor_step_11\winapiengine\x64\debug\cobjectryu.obj
c:\client_nowon_1800_2000\client_api\winapishootor_step_11\winapiengine\x64\debug\cref.obj
c:\client_nowon_1800_2000\client_api\winapishootor_step_11\winapiengine\x64\debug\ctexture.obj
c:\client_nowon_1800_2000\client_api\winapishootor_step_11\winapiengine\x64\debug\cunit.obj
c:\client_nowon_1800_2000\client_api\winapishootor_step_11\winapiengine\x64\debug\svector2d.obj
c:\client_nowon_1800_2000\client_api\winapishootor_step_11\winapiengine\x64\debug\canimator.obj.enc
c:\client_nowon_1800_2000\client_api\winapishootor_step_11\winapiengine\x64\debug\capiengine.obj.enc
c:\client_nowon_1800_2000\client_api\winapishootor_step_11\winapiengine\x64\debug\ccollisionmgr.obj.enc
c:\client_nowon_1800_2000\client_api\winapishootor_step_11\winapiengine\x64\debug\cunit.obj.enc
c:\client_nowon_1800_2000\client_api\winapishootor_step_11\bin\winapiengine.lib
c:\client_nowon_1800_2000\client_api\winapishootor_step_11\winapiengine\x64\debug\winapiengine.tlog\cl.command.1.tlog
c:\client_nowon_1800_2000\client_api\winapishootor_step_11\winapiengine\x64\debug\winapiengine.tlog\cl.read.1.tlog
c:\client_nowon_1800_2000\client_api\winapishootor_step_11\winapiengine\x64\debug\winapiengine.tlog\cl.write.1.tlog
c:\client_nowon_1800_2000\client_api\winapishootor_step_11\winapiengine\x64\debug\winapiengine.tlog\lib-link.read.1.tlog
c:\client_nowon_1800_2000\client_api\winapishootor_step_11\winapiengine\x64\debug\winapiengine.tlog\lib-link.write.1.tlog
c:\client_nowon_1800_2000\client_api\winapishootor_step_11\winapiengine\x64\debug\winapiengine.tlog\lib.command.1.tlog
