c:\users\user\documents\github\client_nowon_1800_2000\client_api\winapiengine_step_3a\x64\debug\vc143.pdb
c:\users\user\documents\github\client_nowon_1800_2000\client_api\winapiengine_step_3a\x64\debug\vc143.idb
c:\users\user\documents\github\client_nowon_1800_2000\client_api\winapiengine_step_3a\x64\debug\capiengine.obj
c:\users\user\documents\github\client_nowon_1800_2000\client_api\winapiengine_step_3a\x64\debug\main.obj
c:\users\user\documents\github\client_nowon_1800_2000\client_api\winapiengine_step_3a\x64\debug\winapiengine_step_0.res
c:\users\user\documents\github\client_nowon_1800_2000\client_api\x64\debug\winapiengine_step_3a.pdb
c:\users\user\documents\github\client_nowon_1800_2000\client_api\winapiengine_step_3a\x64\debug\winapien.d37055ba.tlog\cl.command.1.tlog
c:\users\user\documents\github\client_nowon_1800_2000\client_api\winapiengine_step_3a\x64\debug\winapien.d37055ba.tlog\cl.read.1.tlog
c:\users\user\documents\github\client_nowon_1800_2000\client_api\winapiengine_step_3a\x64\debug\winapien.d37055ba.tlog\cl.write.1.tlog
c:\users\user\documents\github\client_nowon_1800_2000\client_api\winapiengine_step_3a\x64\debug\winapien.d37055ba.tlog\link-cvtres.read.1.tlog
c:\users\user\documents\github\client_nowon_1800_2000\client_api\winapiengine_step_3a\x64\debug\winapien.d37055ba.tlog\link-cvtres.write.1.tlog
c:\users\user\documents\github\client_nowon_1800_2000\client_api\winapiengine_step_3a\x64\debug\winapien.d37055ba.tlog\link-rc.read.1.tlog
c:\users\user\documents\github\client_nowon_1800_2000\client_api\winapiengine_step_3a\x64\debug\winapien.d37055ba.tlog\link-rc.write.1.tlog
c:\users\user\documents\github\client_nowon_1800_2000\client_api\winapiengine_step_3a\x64\debug\winapien.d37055ba.tlog\link.command.1.tlog
c:\users\user\documents\github\client_nowon_1800_2000\client_api\winapiengine_step_3a\x64\debug\winapien.d37055ba.tlog\link.read.1.tlog
c:\users\user\documents\github\client_nowon_1800_2000\client_api\winapiengine_step_3a\x64\debug\winapien.d37055ba.tlog\link.read.2.tlog
c:\users\user\documents\github\client_nowon_1800_2000\client_api\winapiengine_step_3a\x64\debug\winapien.d37055ba.tlog\link.write.1.tlog
c:\users\user\documents\github\client_nowon_1800_2000\client_api\winapiengine_step_3a\x64\debug\winapien.d37055ba.tlog\rc.command.1.tlog
c:\users\user\documents\github\client_nowon_1800_2000\client_api\winapiengine_step_3a\x64\debug\winapien.d37055ba.tlog\rc.read.1.tlog
c:\users\user\documents\github\client_nowon_1800_2000\client_api\winapiengine_step_3a\x64\debug\winapien.d37055ba.tlog\rc.write.1.tlog
