c:\users\user\documents\github\client_nowon_1800_2000\client_api\winsimplerenderer\winsimplerenderer_step_0\winsimplerenderer\x64\debug\vc143.pdb
c:\users\user\documents\github\client_nowon_1800_2000\client_api\winsimplerenderer\winsimplerenderer_step_0\winsimplerenderer\x64\debug\vc143.idb
c:\users\user\documents\github\client_nowon_1800_2000\client_api\winsimplerenderer\winsimplerenderer_step_0\winsimplerenderer\x64\debug\main.obj
c:\users\user\documents\github\client_nowon_1800_2000\client_api\winsimplerenderer\winsimplerenderer_step_1\winsimplerenderer\x64\debug\vc143.pdb
c:\users\user\documents\github\client_nowon_1800_2000\client_api\winsimplerenderer\winsimplerenderer_step_1\winsimplerenderer\x64\debug\vc143.idb
c:\users\user\documents\github\client_nowon_1800_2000\client_api\winsimplerenderer\winsimplerenderer_step_1\winsimplerenderer\x64\debug\main.obj
c:\users\user\documents\github\client_nowon_1800_2000\client_api\winsimplerenderer\winsimplerenderer_step_0\bin\winsimplerenderer.exe
c:\users\user\documents\github\client_nowon_1800_2000\client_api\winsimplerenderer\winsimplerenderer_step_0\winsimplerenderer\x64\debug\winsimplerenderer.ilk
c:\users\user\documents\github\client_nowon_1800_2000\client_api\winsimplerenderer\winsimplerenderer_step_0\bin\winsimplerenderer.pdb
c:\users\user\documents\github\client_nowon_1800_2000\client_api\winsimplerenderer\winsimplerenderer_step_1\bin\winsimplerenderer.exe
c:\users\user\documents\github\client_nowon_1800_2000\client_api\winsimplerenderer\winsimplerenderer_step_1\winsimplerenderer\x64\debug\winsimplerenderer.ilk
c:\users\user\documents\github\client_nowon_1800_2000\client_api\winsimplerenderer\winsimplerenderer_step_1\bin\winsimplerenderer.pdb
c:\users\user\documents\github\client_nowon_1800_2000\client_api\winsimplerenderer\winsimplerenderer_step_2\winsimplerenderer\x64\debug\main.obj
c:\users\user\documents\github\client_nowon_1800_2000\client_api\winsimplerenderer\winsimplerenderer_step_2\winsimplerenderer\x64\debug\winsimplerenderer.ilk
c:\users\user\documents\github\client_nowon_1800_2000\client_api\winsimplerenderer\winsimplerenderer_step_2\winsimplerenderer\x64\debug\vc143.idb
c:\users\user\documents\github\client_nowon_1800_2000\client_api\winsimplerenderer\winsimplerenderer_step_2\winsimplerenderer\x64\debug\vc143.pdb
c:\users\user\documents\github\client_nowon_1800_2000\client_api\winsimplerenderer\winsimplerenderer_step_2\bin\winsimplerenderer.exe
c:\users\user\documents\github\client_nowon_1800_2000\client_api\winsimplerenderer\winsimplerenderer_step_2\winsimplerenderer\x64\debug\winsimpl.9e7af208.tlog\cl.command.1.tlog
c:\users\user\documents\github\client_nowon_1800_2000\client_api\winsimplerenderer\winsimplerenderer_step_2\winsimplerenderer\x64\debug\winsimpl.9e7af208.tlog\cl.read.1.tlog
c:\users\user\documents\github\client_nowon_1800_2000\client_api\winsimplerenderer\winsimplerenderer_step_2\winsimplerenderer\x64\debug\winsimpl.9e7af208.tlog\cl.write.1.tlog
c:\users\user\documents\github\client_nowon_1800_2000\client_api\winsimplerenderer\winsimplerenderer_step_2\winsimplerenderer\x64\debug\winsimpl.9e7af208.tlog\link.command.1.tlog
c:\users\user\documents\github\client_nowon_1800_2000\client_api\winsimplerenderer\winsimplerenderer_step_2\winsimplerenderer\x64\debug\winsimpl.9e7af208.tlog\link.read.1.tlog
c:\users\user\documents\github\client_nowon_1800_2000\client_api\winsimplerenderer\winsimplerenderer_step_2\winsimplerenderer\x64\debug\winsimpl.9e7af208.tlog\link.write.1.tlog
