c:\users\user\documents\github\client_nowon_1800_2000\client_api\winapimatchpuzzle_step_1_\winapimatchpuzzle\x64\debug\vc143.pdb
c:\users\user\documents\github\client_nowon_1800_2000\client_api\winapimatchpuzzle_step_1_\winapimatchpuzzle\x64\debug\vc143.idb
c:\users\user\documents\github\client_nowon_1800_2000\client_api\winapimatchpuzzle_step_1_\winapimatchpuzzle\x64\debug\main.obj
c:\users\user\documents\github\client_nowon_1800_2000\client_api\winapimatchpuzzle_step_1_\winapimatchpuzzle\x64\debug\cselect.obj
c:\users\user\documents\github\client_nowon_1800_2000\client_api\winapimatchpuzzle_step_1_\winapimatchpuzzle\x64\debug\cpiece.obj
c:\users\user\documents\github\client_nowon_1800_2000\client_api\winapimatchpuzzle\winapimatchpuzzle_step_2\winapimatchpuzzle\x64\debug\vc143.pdb
c:\users\user\documents\github\client_nowon_1800_2000\client_api\winapimatchpuzzle\winapimatchpuzzle_step_2\winapimatchpuzzle\x64\debug\vc143.idb
c:\users\user\documents\github\client_nowon_1800_2000\client_api\winapimatchpuzzle\winapimatchpuzzle_step_2\winapimatchpuzzle\x64\debug\main.obj
c:\users\user\documents\github\client_nowon_1800_2000\client_api\winapimatchpuzzle\winapimatchpuzzle_step_2\winapimatchpuzzle\x64\debug\cselect.obj
c:\users\user\documents\github\client_nowon_1800_2000\client_api\winapimatchpuzzle\winapimatchpuzzle_step_2\winapimatchpuzzle\x64\debug\cpiece.obj
c:\users\user\documents\github\client_nowon_1800_2000\client_api\winapimatchpuzzle_step_1_\bin\winapimatchpuzzle.exe
c:\users\user\documents\github\client_nowon_1800_2000\client_api\winapimatchpuzzle_step_1_\winapimatchpuzzle\x64\debug\winapimatchpuzzle.ilk
c:\users\user\documents\github\client_nowon_1800_2000\client_api\winapimatchpuzzle_step_1_\bin\winapimatchpuzzle.pdb
c:\users\user\documents\github\client_nowon_1800_2000\client_api\winapimatchpuzzle\winapimatchpuzzle_step_2\bin\winapimatchpuzzle.exe
c:\users\user\documents\github\client_nowon_1800_2000\client_api\winapimatchpuzzle\winapimatchpuzzle_step_2\winapimatchpuzzle\x64\debug\winapimatchpuzzle.ilk
c:\users\user\documents\github\client_nowon_1800_2000\client_api\winapimatchpuzzle\winapimatchpuzzle_step_2\bin\winapimatchpuzzle.pdb
c:\users\user\documents\github\client_nowon_1800_2000\client_api\winapimatchpuzzle\winapimatchpuzzle_step_2a\winapimatchpuzzle\x64\debug\cpiece.obj
c:\users\user\documents\github\client_nowon_1800_2000\client_api\winapimatchpuzzle\winapimatchpuzzle_step_2a\winapimatchpuzzle\x64\debug\cselect.obj
c:\users\user\documents\github\client_nowon_1800_2000\client_api\winapimatchpuzzle\winapimatchpuzzle_step_2a\winapimatchpuzzle\x64\debug\main.obj
c:\users\user\documents\github\client_nowon_1800_2000\client_api\winapimatchpuzzle\winapimatchpuzzle_step_2a\winapimatchpuzzle\x64\debug\winapimatchpuzzle.ilk
c:\users\user\documents\github\client_nowon_1800_2000\client_api\winapimatchpuzzle\winapimatchpuzzle_step_2a\winapimatchpuzzle\x64\debug\vc143.idb
c:\users\user\documents\github\client_nowon_1800_2000\client_api\winapimatchpuzzle\winapimatchpuzzle_step_2a\winapimatchpuzzle\x64\debug\vc143.pdb
c:\users\user\documents\github\client_nowon_1800_2000\client_api\winapimatchpuzzle\winapimatchpuzzle_step_2a\bin\winapimatchpuzzle.exe
c:\users\user\documents\github\client_nowon_1800_2000\client_api\winapimatchpuzzle\winapimatchpuzzle_step_2a\winapimatchpuzzle\x64\debug\winapima.ab99832e.tlog\cl.command.1.tlog
c:\users\user\documents\github\client_nowon_1800_2000\client_api\winapimatchpuzzle\winapimatchpuzzle_step_2a\winapimatchpuzzle\x64\debug\winapima.ab99832e.tlog\cl.read.1.tlog
c:\users\user\documents\github\client_nowon_1800_2000\client_api\winapimatchpuzzle\winapimatchpuzzle_step_2a\winapimatchpuzzle\x64\debug\winapima.ab99832e.tlog\cl.write.1.tlog
c:\users\user\documents\github\client_nowon_1800_2000\client_api\winapimatchpuzzle\winapimatchpuzzle_step_2a\winapimatchpuzzle\x64\debug\winapima.ab99832e.tlog\link.command.1.tlog
c:\users\user\documents\github\client_nowon_1800_2000\client_api\winapimatchpuzzle\winapimatchpuzzle_step_2a\winapimatchpuzzle\x64\debug\winapima.ab99832e.tlog\link.read.1.tlog
c:\users\user\documents\github\client_nowon_1800_2000\client_api\winapimatchpuzzle\winapimatchpuzzle_step_2a\winapimatchpuzzle\x64\debug\winapima.ab99832e.tlog\link.write.1.tlog
