c:\ryu\winapishootor_step_4\bin\winapiengine.pdb
c:\ryu\winapishootor_step_4\bin\winapiengine.idb
c:\ryu\winapishootor_step_4\winapiengine\x64\debug\svector2d.obj
c:\ryu\winapishootor_step_4\winapiengine\x64\debug\cunit.obj
c:\ryu\winapishootor_step_4\winapiengine\x64\debug\ctexture.obj
c:\ryu\winapishootor_step_4\winapiengine\x64\debug\cref.obj
c:\ryu\winapishootor_step_4\winapiengine\x64\debug\cobjectryu.obj
c:\ryu\winapishootor_step_4\winapiengine\x64\debug\cinputmgr.obj
c:\ryu\winapishootor_step_4\winapiengine\x64\debug\capiengine.obj
c:\ryu\winapishootor_step_4\bin\winapiengine.lib
c:\ryu\winapishootor_step_5\winapiengine\x64\debug\capiengine.obj
c:\ryu\winapishootor_step_5\winapiengine\x64\debug\cinputmgr.obj
c:\ryu\winapishootor_step_5\winapiengine\x64\debug\cobjectryu.obj
c:\ryu\winapishootor_step_5\winapiengine\x64\debug\cref.obj
c:\ryu\winapishootor_step_5\winapiengine\x64\debug\ctexture.obj
c:\ryu\winapishootor_step_5\winapiengine\x64\debug\cunit.obj
c:\ryu\winapishootor_step_5\winapiengine\x64\debug\svector2d.obj
c:\ryu\winapishootor_step_5\bin\winapiengine.lib
c:\ryu\winapishootor_step_5\winapiengine\x64\debug\winapiengine.tlog\cl.command.1.tlog
c:\ryu\winapishootor_step_5\winapiengine\x64\debug\winapiengine.tlog\cl.read.1.tlog
c:\ryu\winapishootor_step_5\winapiengine\x64\debug\winapiengine.tlog\cl.write.1.tlog
c:\ryu\winapishootor_step_5\winapiengine\x64\debug\winapiengine.tlog\lib-link.read.1.tlog
c:\ryu\winapishootor_step_5\winapiengine\x64\debug\winapiengine.tlog\lib-link.write.1.tlog
c:\ryu\winapishootor_step_5\winapiengine\x64\debug\winapiengine.tlog\lib.command.1.tlog
