  CAPIEngine.cpp
C:\Users\User\Documents\GitHub\Client_Nowon_1800_2000\Client_API\winSimpleRenderer\winSimpleRenderer_step_2\winAPIEngine\SVector2D.h(102,20): warning C4244: 'return': 'double'에서 'float'(으)로 변환하면서 데이터가 손실될 수 있습니다.
C:\Users\User\Documents\GitHub\Client_Nowon_1800_2000\Client_API\winSimpleRenderer\winSimpleRenderer_step_2\winAPIEngine\CAPIEngine.cpp(69,85): warning C4244: '인수': 'float'에서 'int'(으)로 변환하면서 데이터가 손실될 수 있습니다.
C:\Users\User\Documents\GitHub\Client_Nowon_1800_2000\Client_API\winSimpleRenderer\winSimpleRenderer_step_2\winAPIEngine\CAPIEngine.cpp(69,71): warning C4244: '인수': 'float'에서 'int'(으)로 변환하면서 데이터가 손실될 수 있습니다.
C:\Users\User\Documents\GitHub\Client_Nowon_1800_2000\Client_API\winSimpleRenderer\winSimpleRenderer_step_2\winAPIEngine\CAPIEngine.cpp(69,57): warning C4244: '인수': 'float'에서 'int'(으)로 변환하면서 데이터가 손실될 수 있습니다.
C:\Users\User\Documents\GitHub\Client_Nowon_1800_2000\Client_API\winSimpleRenderer\winSimpleRenderer_step_2\winAPIEngine\CAPIEngine.cpp(69,43): warning C4244: '인수': 'float'에서 'int'(으)로 변환하면서 데이터가 손실될 수 있습니다.
C:\Users\User\Documents\GitHub\Client_Nowon_1800_2000\Client_API\winSimpleRenderer\winSimpleRenderer_step_2\winAPIEngine\CAPIEngine.cpp(125,13): warning C4244: '인수': 'float'에서 'int'(으)로 변환하면서 데이터가 손실될 수 있습니다.
C:\Users\User\Documents\GitHub\Client_Nowon_1800_2000\Client_API\winSimpleRenderer\winSimpleRenderer_step_2\winAPIEngine\CAPIEngine.cpp(125,9): warning C4244: '인수': 'float'에서 'int'(으)로 변환하면서 데이터가 손실될 수 있습니다.
C:\Users\User\Documents\GitHub\Client_Nowon_1800_2000\Client_API\winSimpleRenderer\winSimpleRenderer_step_2\winAPIEngine\CAPIEngine.cpp(154,13): warning C4244: '인수': 'float'에서 'int'(으)로 변환하면서 데이터가 손실될 수 있습니다.
C:\Users\User\Documents\GitHub\Client_Nowon_1800_2000\Client_API\winSimpleRenderer\winSimpleRenderer_step_2\winAPIEngine\CAPIEngine.cpp(154,9): warning C4244: '인수': 'float'에서 'int'(으)로 변환하면서 데이터가 손실될 수 있습니다.
C:\Users\User\Documents\GitHub\Client_Nowon_1800_2000\Client_API\winSimpleRenderer\winSimpleRenderer_step_2\winAPIEngine\CAPIEngine.cpp(423,28): warning C4244: '=': 'float'에서 'COLOR16'(으)로 변환하면서 데이터가 손실될 수 있습니다.
C:\Users\User\Documents\GitHub\Client_Nowon_1800_2000\Client_API\winSimpleRenderer\winSimpleRenderer_step_2\winAPIEngine\CAPIEngine.cpp(424,30): warning C4244: '=': 'float'에서 'COLOR16'(으)로 변환하면서 데이터가 손실될 수 있습니다.
C:\Users\User\Documents\GitHub\Client_Nowon_1800_2000\Client_API\winSimpleRenderer\winSimpleRenderer_step_2\winAPIEngine\CAPIEngine.cpp(425,29): warning C4244: '=': 'float'에서 'COLOR16'(으)로 변환하면서 데이터가 손실될 수 있습니다.
C:\Users\User\Documents\GitHub\Client_Nowon_1800_2000\Client_API\winSimpleRenderer\winSimpleRenderer_step_2\winAPIEngine\CAPIEngine.cpp(431,28): warning C4244: '=': 'float'에서 'COLOR16'(으)로 변환하면서 데이터가 손실될 수 있습니다.
C:\Users\User\Documents\GitHub\Client_Nowon_1800_2000\Client_API\winSimpleRenderer\winSimpleRenderer_step_2\winAPIEngine\CAPIEngine.cpp(432,30): warning C4244: '=': 'float'에서 'COLOR16'(으)로 변환하면서 데이터가 손실될 수 있습니다.
C:\Users\User\Documents\GitHub\Client_Nowon_1800_2000\Client_API\winSimpleRenderer\winSimpleRenderer_step_2\winAPIEngine\CAPIEngine.cpp(433,29): warning C4244: '=': 'float'에서 'COLOR16'(으)로 변환하면서 데이터가 손실될 수 있습니다.
C:\Users\User\Documents\GitHub\Client_Nowon_1800_2000\Client_API\winSimpleRenderer\winSimpleRenderer_step_2\winAPIEngine\CAPIEngine.cpp(439,28): warning C4244: '=': 'float'에서 'COLOR16'(으)로 변환하면서 데이터가 손실될 수 있습니다.
C:\Users\User\Documents\GitHub\Client_Nowon_1800_2000\Client_API\winSimpleRenderer\winSimpleRenderer_step_2\winAPIEngine\CAPIEngine.cpp(440,30): warning C4244: '=': 'float'에서 'COLOR16'(으)로 변환하면서 데이터가 손실될 수 있습니다.
C:\Users\User\Documents\GitHub\Client_Nowon_1800_2000\Client_API\winSimpleRenderer\winSimpleRenderer_step_2\winAPIEngine\CAPIEngine.cpp(441,29): warning C4244: '=': 'float'에서 'COLOR16'(으)로 변환하면서 데이터가 손실될 수 있습니다.
  CAnimator.cpp
  CObjectRyu.cpp
C:\Users\User\Documents\GitHub\Client_Nowon_1800_2000\Client_API\winSimpleRenderer\winSimpleRenderer_step_2\winAPIEngine\SVector2D.h(102,20): warning C4244: 'return': 'double'에서 'float'(으)로 변환하면서 데이터가 손실될 수 있습니다.
  CPathMgr.cpp
  CResourcesMgr.cpp
  CUnit.cpp
C:\Users\User\Documents\GitHub\Client_Nowon_1800_2000\Client_API\winSimpleRenderer\winSimpleRenderer_step_2\winAPIEngine\SVector2D.h(102,20): warning C4244: 'return': 'double'에서 'float'(으)로 변환하면서 데이터가 손실될 수 있습니다.
C:\Users\User\Documents\GitHub\Client_Nowon_1800_2000\Client_API\winSimpleRenderer\winSimpleRenderer_step_2\winAPIEngine\CUnit.cpp(111,36): warning C4244: '=': 'int'에서 'float'(으)로 변환하면서 데이터가 손실될 수 있습니다.
C:\Users\User\Documents\GitHub\Client_Nowon_1800_2000\Client_API\winSimpleRenderer\winSimpleRenderer_step_2\winAPIEngine\CUnit.cpp(112,37): warning C4244: '=': 'int'에서 'float'(으)로 변환하면서 데이터가 손실될 수 있습니다.
C:\Users\User\Documents\GitHub\Client_Nowon_1800_2000\Client_API\winSimpleRenderer\winSimpleRenderer_step_2\winAPIEngine\CUnit.cpp(122,35): warning C4244: '=': 'LONG'에서 'float'(으)로 변환하면서 데이터가 손실될 수 있습니다.
C:\Users\User\Documents\GitHub\Client_Nowon_1800_2000\Client_API\winSimpleRenderer\winSimpleRenderer_step_2\winAPIEngine\CUnit.cpp(123,36): warning C4244: '=': 'LONG'에서 'float'(으)로 변환하면서 데이터가 손실될 수 있습니다.
C:\Users\User\Documents\GitHub\Client_Nowon_1800_2000\Client_API\winSimpleRenderer\winSimpleRenderer_step_2\winAPIEngine\CUnit.cpp(148,39): warning C4244: '=': 'LONG'에서 'float'(으)로 변환하면서 데이터가 손실될 수 있습니다.
C:\Users\User\Documents\GitHub\Client_Nowon_1800_2000\Client_API\winSimpleRenderer\winSimpleRenderer_step_2\winAPIEngine\CUnit.cpp(149,40): warning C4244: '=': 'LONG'에서 'float'(으)로 변환하면서 데이터가 손실될 수 있습니다.
  코드를 생성하고 있습니다...
  winAPIEngine.vcxproj -> C:\Users\User\Documents\GitHub\Client_Nowon_1800_2000\Client_API\winSimpleRenderer\winSimpleRenderer_step_2\bin\winAPIEngine.lib
