c:\users\user\documents\github\client_nowon_1800_2000\client_api\winapiengine_step_4\x64\debug\vc143.pdb
c:\users\user\documents\github\client_nowon_1800_2000\client_api\winapiengine_step_4\x64\debug\vc143.idb
c:\users\user\documents\github\client_nowon_1800_2000\client_api\winapiengine_step_4\x64\debug\main.obj
c:\users\user\documents\github\client_nowon_1800_2000\client_api\winapiengine_step_4\x64\debug\cunit.obj
c:\users\user\documents\github\client_nowon_1800_2000\client_api\winapiengine_step_4\x64\debug\capiengine.obj
c:\users\user\documents\github\client_nowon_1800_2000\client_api\winapiengine_step_5\x64\debug\vc143.pdb
c:\users\user\documents\github\client_nowon_1800_2000\client_api\winapiengine_step_5\x64\debug\vc143.idb
c:\users\user\documents\github\client_nowon_1800_2000\client_api\winapiengine_step_5\x64\debug\main.obj
c:\users\user\documents\github\client_nowon_1800_2000\client_api\winapiengine_step_5\x64\debug\cunit.obj
c:\users\user\documents\github\client_nowon_1800_2000\client_api\winapiengine_step_5\x64\debug\capiengine.obj
c:\users\user\documents\github\client_nowon_1800_2000\client_api\winapiengine_step_5\x64\debug\ctexture.obj
c:\users\user\documents\github\client_nowon_1800_2000\client_api\winapiengine_step_6\x64\debug\vc143.pdb
c:\users\user\documents\github\client_nowon_1800_2000\client_api\winapiengine_step_6\x64\debug\vc143.idb
c:\users\user\documents\github\client_nowon_1800_2000\client_api\winapiengine_step_6\x64\debug\main.obj
c:\users\user\documents\github\client_nowon_1800_2000\client_api\winapiengine_step_6\x64\debug\cunit.obj
c:\users\user\documents\github\client_nowon_1800_2000\client_api\winapiengine_step_6\x64\debug\ctexture.obj
c:\users\user\documents\github\client_nowon_1800_2000\client_api\winapiengine_step_6\x64\debug\capiengine.obj
c:\users\user\documents\github\client_nowon_1800_2000\client_api\winapiengine_step_4\x64\debug\winapiengine_step_4.exe
c:\users\user\documents\github\client_nowon_1800_2000\client_api\winapiengine_step_4\x64\debug\winapiengine_step_4.ilk
c:\users\user\documents\github\client_nowon_1800_2000\client_api\winapiengine_step_4\x64\debug\winapiengine_step_4.pdb
c:\users\user\documents\github\client_nowon_1800_2000\client_api\winapiengine_step_5\x64\debug\winapiengine_step_5.exe
c:\users\user\documents\github\client_nowon_1800_2000\client_api\winapiengine_step_5\x64\debug\winapiengine_step_5.ilk
c:\users\user\documents\github\client_nowon_1800_2000\client_api\winapiengine_step_5\x64\debug\winapiengine_step_5.pdb
c:\users\user\documents\github\client_nowon_1800_2000\client_api\winapiengine_step_6\x64\debug\winapiengine_step_6.exe
c:\users\user\documents\github\client_nowon_1800_2000\client_api\winapiengine_step_6\x64\debug\winapiengine_step_6.ilk
c:\users\user\documents\github\client_nowon_1800_2000\client_api\winapiengine_step_6\x64\debug\winapiengine_step_6.pdb
c:\users\user\documents\github\client_nowon_1800_2000\client_api\winapiengine_step_4\x64\debug\winapiengine_step_0.res
c:\users\user\documents\github\client_nowon_1800_2000\client_api\winapiengine_step_5\x64\debug\winapiengine_step_0.res
c:\users\user\documents\github\client_nowon_1800_2000\client_api\winapiengine_step_6\x64\debug\winapiengine_step_0.res
c:\users\user\documents\github\client_nowon_1800_2000\client_api\winapiengine_step_6\x64\debug\winapiengine_step_4.ilk
c:\users\user\documents\github\client_nowon_1800_2000\client_api\winapiengine_step_6\x64\debug\winapiengine_step_5.ilk
c:\users\user\documents\github\client_nowon_1800_2000\client_api\winapiengine_step_6\x64\debug\winapiengine_step_4.pdb
c:\users\user\documents\github\client_nowon_1800_2000\client_api\winapiengine_step_6\x64\debug\winapiengine_step_5.pdb
c:\users\user\documents\github\client_nowon_1800_2000\client_api\winapiengine_step_6\x64\debug\winapien.d37055ba.tlog\cl.command.1.tlog
c:\users\user\documents\github\client_nowon_1800_2000\client_api\winapiengine_step_6\x64\debug\winapien.d37055ba.tlog\cl.read.1.tlog
c:\users\user\documents\github\client_nowon_1800_2000\client_api\winapiengine_step_6\x64\debug\winapien.d37055ba.tlog\cl.write.1.tlog
c:\users\user\documents\github\client_nowon_1800_2000\client_api\winapiengine_step_6\x64\debug\winapien.d37055ba.tlog\link.command.1.tlog
c:\users\user\documents\github\client_nowon_1800_2000\client_api\winapiengine_step_6\x64\debug\winapien.d37055ba.tlog\link.read.1.tlog
c:\users\user\documents\github\client_nowon_1800_2000\client_api\winapiengine_step_6\x64\debug\winapien.d37055ba.tlog\link.write.1.tlog
c:\users\user\documents\github\client_nowon_1800_2000\client_api\winapiengine_step_6\x64\debug\winapien.d37055ba.tlog\rc.command.1.tlog
c:\users\user\documents\github\client_nowon_1800_2000\client_api\winapiengine_step_6\x64\debug\winapien.d37055ba.tlog\rc.read.1.tlog
c:\users\user\documents\github\client_nowon_1800_2000\client_api\winapiengine_step_6\x64\debug\winapien.d37055ba.tlog\rc.write.1.tlog
